 =========================>     TALLY 2: FUEL     <=========================

 U235
   Fission Rate                         0.603195 +/- 0.00558322
   Total Reaction Rate                  0.802659 +/- 0.00676798
   Absorption Rate                      0.721761 +/- 0.00653452
   (n,elastic)                          0.0734766 +/- 0.000346065
   Scattering Rate                      0.0808976 +/- 0.00036059
   Decay Rate                           0.00448138 +/- 4.14613e-05
 U238
   Fission Rate                         0.0180437 +/- 0.000142304
   Total Reaction Rate                  1.65831 +/- 0.00865333
   Absorption Rate                      0.156484 +/- 0.00157132
   (n,elastic)                          1.32185 +/- 0.00742846
   Scattering Rate                      1.50183 +/- 0.00776728
   Decay Rate                           0.000529034 +/- 4.51745e-06
 O16
   Fission Rate                         0 +/- 0
   Total Reaction Rate                  3.89121 +/- 0.0142198
   Absorption Rate                      0.00326532 +/- 0.000115803
   (n,elastic)                          3.88638 +/- 0.0142513
   Scattering Rate                      3.88794 +/- 0.0142192
   Decay Rate                           0 +/- 0
 H1
   Fission Rate                         0 +/- 0
   Total Reaction Rate                  24.4591 +/- 0.110716
   Absorption Rate                      0.105532 +/- 0.00096161
   (n,elastic)                          24.3535 +/- 0.109795
   Scattering Rate                      24.3535 +/- 0.109795
   Decay Rate                           0 +/- 0
 =========================>     TALLY 1: FLUX     <=========================

 Total Material
   Flux                                 34.7035 +/- 0.104188
 ============================>     TALLY 3     <============================

 Internal

