 =========================>     TALLY 2: FUEL     <=========================

 U235
   Fission Rate                         0.567282 +/- 0.0189161
   Total Reaction Rate                  0.758599 +/- 0.0233489
   Absorption Rate                      0.679238 +/- 0.0224415
   (n,elastic)                          0.0716916 +/- 0.00117412
   Scattering Rate                      0.0793606 +/- 0.00127722
   Decay Rate                           0.00421464 +/- 0.0001405
 U238
   Fission Rate                         0.0190652 +/- 0.000775966
   Total Reaction Rate                  1.64345 +/- 0.0266543
   Absorption Rate                      0.155703 +/- 0.00627907
   (n,elastic)                          1.30227 +/- 0.0197902
   Scattering Rate                      1.48774 +/- 0.0225082
   Decay Rate                           0.000557311 +/- 2.14391e-05
 =========================>     TALLY 1: FLUX     <=========================

 Total Material
   Flux                                 34.2694 +/- 0.444626
 ============================>     TALLY 3     <============================

 Internal

